<?xml version="1.0" encoding="UTF-8"?>
<testsuite name="SolutionTest" tests="2" skipped="0" failures="0" errors="0" timestamp="2022-09-20T23:15:55" hostname="KIMSUKTAEui-MacBookAir.local" time="0.013">
  <properties/>
  <testcase name="ifEven()" classname="SolutionTest" time="0.011"/>
  <testcase name="isEven()" classname="SolutionTest" time="0.001"/>
  <system-out><![CDATA[]]></system-out>
  <system-err><![CDATA[]]></system-err>
</testsuite>
